<?xml version="1.0" encoding="UTF-8"?>
<testsuite name="SILab2Test" tests="2" skipped="0" failures="0" errors="0" timestamp="2022-05-24T14:48:52" hostname="LAPTOP-MP732V4A" time="0.032">
  <properties/>
  <testcase name="testEveryStatement()" classname="SILab2Test" time="0.029"/>
  <testcase name="testEveryBranch()" classname="SILab2Test" time="0.002"/>
  <system-out><![CDATA[]]></system-out>
  <system-err><![CDATA[]]></system-err>
</testsuite>
